https://leetcode.com/problems/nested-list-weight-sum-ii get data error
https://leetcode.com/problems/add-bold-tag-in-string get data error
https://leetcode.com/problems/design-snake-game get data error
https://leetcode.com/problems/biggest-single-number get data error
https://leetcode.com/problems/design-in-memory-file-system get data error
https://leetcode.com/problems/customer-placing-the-largest-number-of-orders get data error
https://leetcode.com/problems/closest-binary-search-tree-value get data error
https://leetcode.com/problems/binary-tree-longest-consecutive-sequence get data error
https://leetcode.com/problems/closest-binary-search-tree-value-ii get data error
https://leetcode.com/problems/alien-dictionary get data error
https://leetcode.com/problems/bomb-enemy get data error
https://leetcode.com/problems/consecutive-available-seats get data error
https://leetcode.com/problems/candy-crush get data error
https://leetcode.com/problems/average-salary-departments-vs-company get data error
https://leetcode.com/problems/longest-substring-with-at-most-k-distinct-characters get data error
https://leetcode.com/problems/find-the-derangement-of-an-array get data error
https://leetcode.com/problems/android-unlock-patterns get data error
https://leetcode.com/problems/graph-valid-tree get data error
https://leetcode.com/problems/longest-line-of-consecutive-one-in-matrix get data error
https://leetcode.com/problems/coin-path get data error
https://leetcode.com/problems/boundary-of-binary-tree get data error
https://leetcode.com/problems/minimum-unique-word-abbreviation get data error
https://leetcode.com/problems/license-key-formatting get data error
https://leetcode.com/problems/construct-binary-tree-from-string get data error
https://leetcode.com/problems/count-student-number-in-departments get data error
https://leetcode.com/problems/binary-tree-upside-down get data error
https://leetcode.com/problems/binary-tree-vertical-order-traversal get data error
https://leetcode.com/problems/lonely-pixel-i get data error
https://leetcode.com/problems/best-meeting-point get data error
https://leetcode.com/problems/number-of-distinct-islands get data error
https://leetcode.com/problems/the-maze-ii get data error
https://leetcode.com/problems/strobogrammatic-number-iii get data error
https://leetcode.com/problems/tree-node get data error
https://leetcode.com/problems/max-consecutive-ones-ii get data error
https://leetcode.com/problems/4-keys-keyboard get data error
https://leetcode.com/problems/sequence-reconstruction get data error
https://leetcode.com/problems/zigzag-iterator get data error
https://leetcode.com/problems/missing-ranges get data error
https://leetcode.com/problems/group-shifted-strings get data error
https://leetcode.com/problems/convex-polygon get data error
https://leetcode.com/problems/minimum-window-subsequence get data error
https://leetcode.com/problems/logger-rate-limiter get data error
https://leetcode.com/problems/verify-preorder-sequence-in-binary-search-tree get data error
https://leetcode.com/problems/flatten-2d-vector get data error
https://leetcode.com/problems/friend-requests-ii-who-has-the-most-friends get data error
https://leetcode.com/problems/smallest-rectangle-enclosing-black-pixels get data error
https://leetcode.com/problems/triangle-judgement get data error
https://leetcode.com/problems/factor-combinations get data error
https://leetcode.com/problems/equal-tree-partition get data error
https://leetcode.com/problems/minimum-factorization get data error
https://leetcode.com/problems/shortest-word-distance-ii get data error
https://leetcode.com/problems/investments-in-2016 get data error
https://leetcode.com/problems/shortest-distance-in-a-plane get data error
https://leetcode.com/problems/palindrome-permutation-ii get data error
https://leetcode.com/problems/generalized-abbreviation get data error
https://leetcode.com/problems/managers-with-at-least-5-direct-reports get data error
https://leetcode.com/problems/one-edit-distance get data error
https://leetcode.com/problems/design-compressed-string-iterator get data error
https://leetcode.com/problems/maximum-average-subarray-ii get data error
https://leetcode.com/problems/encode-string-with-shortest-length get data error
https://leetcode.com/problems/design-excel-sum-formula get data error
https://leetcode.com/problems/friend-requests-i-overall-acceptance-rate get data error
https://leetcode.com/problems/number-of-islands-ii get data error
https://leetcode.com/problems/inorder-successor-in-bst get data error
https://leetcode.com/problems/max-stack get data error
https://leetcode.com/problems/maximum-vacation-days get data error
https://leetcode.com/problems/the-maze get data error
https://leetcode.com/problems/valid-word-abbreviation get data error
https://leetcode.com/problems/students-report-by-geography get data error
https://leetcode.com/problems/k-empty-slots get data error
https://leetcode.com/problems/maximum-size-subarray-sum-equals-k get data error
https://leetcode.com/problems/design-log-storage-system get data error
https://leetcode.com/problems/find-cumulative-salary-of-an-employee get data error
https://leetcode.com/problems/winning-candidate get data error
https://leetcode.com/problems/design-search-autocomplete-system get data error
https://leetcode.com/problems/sort-transformed-array get data error
https://leetcode.com/problems/flip-game-ii get data error
https://leetcode.com/problems/shortest-word-distance get data error
https://leetcode.com/problems/moving-average-from-data-stream get data error
https://leetcode.com/problems/3sum-smaller get data error
https://leetcode.com/problems/optimal-account-balancing get data error
https://leetcode.com/problems/word-pattern-ii get data error
https://leetcode.com/problems/sentence-screen-fitting get data error
https://leetcode.com/problems/palindrome-permutation get data error
https://leetcode.com/problems/meeting-rooms get data error
https://leetcode.com/problems/split-array-with-equal-sum get data error
https://leetcode.com/problems/plus-one-linked-list get data error
https://leetcode.com/problems/meeting-rooms-ii get data error
https://leetcode.com/problems/range-addition get data error
https://leetcode.com/problems/find-permutation get data error
https://leetcode.com/problems/the-maze-iii get data error
https://leetcode.com/problems/find-the-celebrity get data error
https://leetcode.com/problems/second-degree-follower get data error
https://leetcode.com/problems/split-concatenated-strings get data error
https://leetcode.com/problems/shortest-distance-from-all-buildings get data error
https://leetcode.com/problems/unique-word-abbreviation get data error
https://leetcode.com/problems/walls-and-gates get data error
https://leetcode.com/problems/design-phone-directory get data error
https://leetcode.com/problems/longest-substring-with-at-most-two-distinct-characters get data error
https://leetcode.com/problems/paint-fence get data error
https://leetcode.com/problems/ternary-expression-parser get data error
https://leetcode.com/problems/reverse-words-in-a-string-ii get data error
https://leetcode.com/problems/next-closest-time get data error
https://leetcode.com/problems/path-sum-iv get data error
https://leetcode.com/problems/line-reflection get data error
https://leetcode.com/problems/find-median-given-frequency-of-numbers get data error
https://leetcode.com/problems/read-n-characters-given-read4 get data error
https://leetcode.com/problems/strobogrammatic-number get data error
https://leetcode.com/problems/nested-list-weight-sum get data error
https://leetcode.com/problems/valid-word-square get data error
https://leetcode.com/problems/sales-person get data error
https://leetcode.com/problems/flip-game get data error
https://leetcode.com/problems/shortest-distance-in-a-line get data error
https://leetcode.com/problems/squirrel-simulation get data error
https://leetcode.com/problems/read-n-characters-given-read4-ii-call-multiple-times get data error
https://leetcode.com/problems/kill-process get data error
https://leetcode.com/problems/median-employee-salary get data error
https://leetcode.com/problems/maximum-distance-in-arrays get data error
https://leetcode.com/problems/wiggle-sort get data error
https://leetcode.com/problems/number-of-distinct-islands-ii get data error
https://leetcode.com/problems/sparse-matrix-multiplication get data error
https://leetcode.com/problems/strobogrammatic-number-ii get data error
https://leetcode.com/problems/two-sum-iii-data-structure-design get data error
https://leetcode.com/problems/get-highest-answer-rate-question get data error
https://leetcode.com/problems/design-tic-tac-toe get data error
https://leetcode.com/problems/shortest-word-distance-iii get data error
https://leetcode.com/problems/output-contest-matches get data error
https://leetcode.com/problems/rearrange-string-k-distance-apart get data error
https://leetcode.com/problems/remove-9 get data error
https://leetcode.com/problems/word-squares get data error
https://leetcode.com/problems/binary-tree-longest-consecutive-sequence-ii get data error
https://leetcode.com/problems/word-abbreviation get data error
https://leetcode.com/problems/design-hit-counter get data error
https://leetcode.com/problems/number-of-connected-components-in-an-undirected-graph get data error
https://leetcode.com/problems/find-leaves-of-binary-tree get data error
https://leetcode.com/problems/lonely-pixel-ii get data error
https://leetcode.com/problems/largest-bst-subtree get data error
https://leetcode.com/problems/encode-and-decode-strings get data error
https://leetcode.com/problems/paint-house-ii get data error
https://leetcode.com/problems/count-univalue-subtrees get data error
https://leetcode.com/problems/employee-bonus get data error
https://leetcode.com/problems/paint-house get data error
https://leetcode.com/problems/range-sum-query-2d-mutable get data error
https://leetcode.com/problems/find-customer-referee get data error
